<?xml version="1.0" encoding="UTF-8"?>
<!-- Generated by org.testng.reporters.JUnitXMLReporter -->
<testsuite hostname="LAPTOP-1C73H3FG" name="Computer Test" tests="1" failures="1" timestamp="22 Apr 2020 21:36:29 GMT" time="13.306" errors="0">
  <testcase name="verifyUserCanAddToShoppingCart" time="0.001" classname="com.demo.nopcommerce.testsuit.ComputersTest">
    <failure type="java.lang.NullPointerException">
      <![CDATA[java.lang.NullPointerException
	at com.demo.nopcommerce.testsuit.ComputersTest.verifyUserCanAddToShoppingCart(ComputersTest.java:21)
	at com.intellij.rt.testng.IDEARemoteTestNG.run(IDEARemoteTestNG.java:66)
	at com.intellij.rt.testng.RemoteTestNGStarter.main(RemoteTestNGStarter.java:110)
... Removed 21 stack frames]]>
    </failure>
  </testcase> <!-- verifyUserCanAddToShoppingCart -->
</testsuite> <!-- Computer Test -->
