<?xml version="1.0" encoding="UTF-8"?>
<!-- Generated by org.testng.reporters.JUnitXMLReporter -->
<testsuite hostname="LAPTOP-1C73H3FG" name="Register Test" tests="1" failures="1" timestamp="22 Apr 2020 21:36:16 GMT" time="15.266" errors="0">
  <testcase name="verifyUserShouldRegisterSuccessfully" time="0.004" classname="com.demo.nopcommerce.testsuit.RegisterTestWithDataProvider">
    <failure type="java.lang.NullPointerException">
      <![CDATA[java.lang.NullPointerException
	at com.demo.nopcommerce.testsuit.RegisterTestWithDataProvider.verifyUserShouldRegisterSuccessfully(RegisterTestWithDataProvider.java:24)
	at com.intellij.rt.testng.IDEARemoteTestNG.run(IDEARemoteTestNG.java:66)
	at com.intellij.rt.testng.RemoteTestNGStarter.main(RemoteTestNGStarter.java:110)
... Removed 21 stack frames]]>
    </failure>
  </testcase> <!-- verifyUserShouldRegisterSuccessfully -->
</testsuite> <!-- Register Test -->
